\BOOKMARK [1][-]{Section.0.Introduction.1}{\376\377\000I\000n\000t\000r\000o\000d\000u\000c\000t\000i\000o\000n}{}% 1
\BOOKMARK [1][-]{Section.1.Software architecture.1}{\376\377\000S\000o\000f\000t\000w\000a\000r\000e\000\040\000a\000r\000c\000h\000i\000t\000e\000c\000t\000u\000r\000e}{}% 2
\BOOKMARK [2][-]{Subsection.2.0.Design principles.2}{\376\377\000D\000e\000s\000i\000g\000n\000\040\000p\000r\000i\000n\000c\000i\000p\000l\000e\000s}{Section.1.Software architecture.1}% 3
\BOOKMARK [2][-]{Subsection.2.1.Quick start.2}{\376\377\000Q\000u\000i\000c\000k\000\040\000s\000t\000a\000r\000t}{Section.1.Software architecture.1}% 4
\BOOKMARK [2][-]{Subsection.2.2.Implemented algorithms.2}{\376\377\000I\000m\000p\000l\000e\000m\000e\000n\000t\000e\000d\000\040\000a\000l\000g\000o\000r\000i\000t\000h\000m\000s}{Section.1.Software architecture.1}% 5
\BOOKMARK [2][-]{Subsection.2.3.Comparison with existing frameworks.2}{\376\377\000C\000o\000m\000p\000a\000r\000i\000s\000o\000n\000\040\000w\000i\000t\000h\000\040\000e\000x\000i\000s\000t\000i\000n\000g\000\040\000f\000r\000a\000m\000e\000w\000o\000r\000k\000s}{Section.1.Software architecture.1}% 6
\BOOKMARK [1][-]{Section.2.Cache-optimized gradient boosting.1}{\376\377\000C\000a\000c\000h\000e\000-\000o\000p\000t\000i\000m\000i\000z\000e\000d\000\040\000g\000r\000a\000d\000i\000e\000n\000t\000\040\000b\000o\000o\000s\000t\000i\000n\000g}{}% 7
\BOOKMARK [2][-]{Subsection.3.0.The histogram bottleneck.2}{\376\377\000T\000h\000e\000\040\000h\000i\000s\000t\000o\000g\000r\000a\000m\000\040\000b\000o\000t\000t\000l\000e\000n\000e\000c\000k}{Section.2.Cache-optimized gradient boosting.1}% 8
\BOOKMARK [2][-]{Subsection.3.1.Column-major storage with u8 packing.2}{\376\377\000C\000o\000l\000u\000m\000n\000-\000m\000a\000j\000o\000r\000\040\000s\000t\000o\000r\000a\000g\000e\000\040\000w\000i\000t\000h\000\040\000u\0008\000\040\000p\000a\000c\000k\000i\000n\000g}{Section.2.Cache-optimized gradient boosting.1}% 9
\BOOKMARK [2][-]{Subsection.3.2.Additional optimizations.2}{\376\377\000A\000d\000d\000i\000t\000i\000o\000n\000a\000l\000\040\000o\000p\000t\000i\000m\000i\000z\000a\000t\000i\000o\000n\000s}{Section.2.Cache-optimized gradient boosting.1}% 10
\BOOKMARK [2][-]{Subsection.3.3.Ablation study.2}{\376\377\000A\000b\000l\000a\000t\000i\000o\000n\000\040\000s\000t\000u\000d\000y}{Section.2.Cache-optimized gradient boosting.1}% 11
\BOOKMARK [2][-]{Subsection.3.4.Implementation scope.2}{\376\377\000I\000m\000p\000l\000e\000m\000e\000n\000t\000a\000t\000i\000o\000n\000\040\000s\000c\000o\000p\000e}{Section.2.Cache-optimized gradient boosting.1}% 12
\BOOKMARK [2][-]{Subsection.3.5.Feature comparison with official libraries.2}{\376\377\000F\000e\000a\000t\000u\000r\000e\000\040\000c\000o\000m\000p\000a\000r\000i\000s\000o\000n\000\040\000w\000i\000t\000h\000\040\000o\000f\000f\000i\000c\000i\000a\000l\000\040\000l\000i\000b\000r\000a\000r\000i\000e\000s}{Section.2.Cache-optimized gradient boosting.1}% 13
\BOOKMARK [1][-]{Section.3.Performance evaluation.1}{\376\377\000P\000e\000r\000f\000o\000r\000m\000a\000n\000c\000e\000\040\000e\000v\000a\000l\000u\000a\000t\000i\000o\000n}{}% 14
\BOOKMARK [2][-]{Subsection.4.0.Experimental setup.2}{\376\377\000E\000x\000p\000e\000r\000i\000m\000e\000n\000t\000a\000l\000\040\000s\000e\000t\000u\000p}{Section.3.Performance evaluation.1}% 15
\BOOKMARK [2][-]{Subsection.4.1.Training time.2}{\376\377\000T\000r\000a\000i\000n\000i\000n\000g\000\040\000t\000i\000m\000e}{Section.3.Performance evaluation.1}% 16
\BOOKMARK [2][-]{Subsection.4.2.Scaling analysis.2}{\376\377\000S\000c\000a\000l\000i\000n\000g\000\040\000a\000n\000a\000l\000y\000s\000i\000s}{Section.3.Performance evaluation.1}% 17
\BOOKMARK [2][-]{Subsection.4.3.Statistical significance of performance differences.2}{\376\377\000S\000t\000a\000t\000i\000s\000t\000i\000c\000a\000l\000\040\000s\000i\000g\000n\000i\000f\000i\000c\000a\000n\000c\000e\000\040\000o\000f\000\040\000p\000e\000r\000f\000o\000r\000m\000a\000n\000c\000e\000\040\000d\000i\000f\000f\000e\000r\000e\000n\000c\000e\000s}{Section.3.Performance evaluation.1}% 18
\BOOKMARK [2][-]{Subsection.4.4.Prediction (inference) time.2}{\376\377\000P\000r\000e\000d\000i\000c\000t\000i\000o\000n\000\040\000\050\000i\000n\000f\000e\000r\000e\000n\000c\000e\000\051\000\040\000t\000i\000m\000e}{Section.3.Performance evaluation.1}% 19
\BOOKMARK [2][-]{Subsection.4.5.Accuracy validation.2}{\376\377\000A\000c\000c\000u\000r\000a\000c\000y\000\040\000v\000a\000l\000i\000d\000a\000t\000i\000o\000n}{Section.3.Performance evaluation.1}% 20
\BOOKMARK [1][-]{Section.4.Integrated spatial ML pipeline.1}{\376\377\000I\000n\000t\000e\000g\000r\000a\000t\000e\000d\000\040\000s\000p\000a\000t\000i\000a\000l\000\040\000M\000L\000\040\000p\000i\000p\000e\000l\000i\000n\000e}{}% 21
\BOOKMARK [2][-]{Subsection.5.0.Components.2}{\376\377\000C\000o\000m\000p\000o\000n\000e\000n\000t\000s}{Section.4.Integrated spatial ML pipeline.1}% 22
\BOOKMARK [2][-]{Subsection.5.1.Why integration matters.2}{\376\377\000W\000h\000y\000\040\000i\000n\000t\000e\000g\000r\000a\000t\000i\000o\000n\000\040\000m\000a\000t\000t\000e\000r\000s}{Section.4.Integrated spatial ML pipeline.1}% 23
\BOOKMARK [2][-]{Subsection.5.2.Case study: housing price prediction in King County, WA.2}{\376\377\000C\000a\000s\000e\000\040\000s\000t\000u\000d\000y\000:\000\040\000h\000o\000u\000s\000i\000n\000g\000\040\000p\000r\000i\000c\000e\000\040\000p\000r\000e\000d\000i\000c\000t\000i\000o\000n\000\040\000i\000n\000\040\000K\000i\000n\000g\000\040\000C\000o\000u\000n\000t\000y\000,\000\040\000W\000A}{Section.4.Integrated spatial ML pipeline.1}% 24
\BOOKMARK [2][-]{Subsection.5.3.Additional unique algorithms.2}{\376\377\000A\000d\000d\000i\000t\000i\000o\000n\000a\000l\000\040\000u\000n\000i\000q\000u\000e\000\040\000a\000l\000g\000o\000r\000i\000t\000h\000m\000s}{Section.4.Integrated spatial ML pipeline.1}% 25
\BOOKMARK [1][-]{Section.5.Summary and discussion.1}{\376\377\000S\000u\000m\000m\000a\000r\000y\000\040\000a\000n\000d\000\040\000d\000i\000s\000c\000u\000s\000s\000i\000o\000n}{}% 26
